[    0.000000] Initializing cgroup subsys cpuset
[    0.000000] Initializing cgroup subsys cpu
[    0.000000] Initializing cgroup subsys cpuacct
[    0.000000] Linux version 4.4.0-66-generic (buildd@lgw01-28) (gcc version 5.4.0 20160609 (Ubuntu 5.4.0-6ubuntu1~16.04.4) ) #87-Ubuntu SMP Fri Mar 3 15:29:05 UTC 2017 (Ubuntu 4.4.0-66.87-generic 4.4.44)
[    0.000000] Command line: BOOT_IMAGE=/boot/vmlinuz-4.4.0-66-generic root=LABEL=cloudimg-rootfs ro console=tty1 console=ttyS0
[    0.000000] KERNEL supported cpus:
[    0.000000]   Intel GenuineIntel
[    0.000000]   AMD AuthenticAMD
[    0.000000]   Centaur CentaurHauls
[    0.000000] x86/fpu: xstate_offset[2]:  576, xstate_sizes[2]:  256
[    0.000000] x86/fpu: Supporting XSAVE feature 0x01: 'x87 floating point registers'
[    0.000000] x86/fpu: Supporting XSAVE feature 0x02: 'SSE registers'
[    0.000000] x86/fpu: Supporting XSAVE feature 0x04: 'AVX registers'
[    0.000000] x86/fpu: Enabled xstate features 0x7, context size is 832 bytes, using 'standard' format.
[    0.000000] x86/fpu: Using 'lazy' FPU context switches.
[    0.000000] e820: BIOS-provided physical RAM map:
[    0.000000] BIOS-e820: [mem 0x0000000000000000-0x000000000009fbff] usable
[    0.000000] BIOS-e820: [mem 0x000000000009fc00-0x000000000009ffff] reserved
[    0.000000] BIOS-e820: [mem 0x00000000000f0000-0x00000000000fffff] reserved
[    0.000000] BIOS-e820: [mem 0x0000000000100000-0x000000003ffeffff] usable
[    0.000000] BIOS-e820: [mem 0x000000003fff0000-0x000000003fffffff] ACPI data
[    0.000000] BIOS-e820: [mem 0x00000000fec00000-0x00000000fec00fff] reserved
[    0.000000] BIOS-e820: [mem 0x00000000fee00000-0x00000000fee00fff] reserved
[    0.000000] BIOS-e820: [mem 0x00000000fffc0000-0x00000000ffffffff] reserved
[    0.000000] NX (Execute Disable) protection: active
[    0.000000] SMBIOS 2.5 present.
[    0.000000] Hypervisor detected: KVM
[    0.000000] e820: last_pfn = 0x3fff0 max_arch_pfn = 0x400000000
[    0.000000] MTRR: Disabled
[    0.000000] x86/PAT: MTRRs disabled, skipping PAT initialization too.
[    0.000000] x86/PAT: Configuration [0-7]: WB  WT  UC- UC  WB  WT  UC- UC  
[    0.000000] CPU MTRRs all blank - virtualized system.
[    0.000000] found SMP MP-table at [mem 0x0009fff0-0x0009ffff] mapped at [ffff88000009fff0]
[    0.000000] Scanning 1 areas for low memory corruption
[    0.000000] RAMDISK: [mem 0x36ad0000-0x3755ffff]
[    0.000000] ACPI: Early table checksum verification disabled
[    0.000000] ACPI: RSDP 0x00000000000E0000 000024 (v02 VBOX  )
[    0.000000] ACPI: XSDT 0x000000003FFF0030 00003C (v01 VBOX   VBOXXSDT 00000001 ASL  00000061)
[    0.000000] ACPI: FACP 0x000000003FFF00F0 0000F4 (v04 VBOX   VBOXFACP 00000001 ASL  00000061)
[    0.000000] ACPI: DSDT 0x000000003FFF0470 00210F (v01 VBOX   VBOXBIOS 00000002 INTL 20100528)
[    0.000000] ACPI: FACS 0x000000003FFF0200 000040
[    0.000000] ACPI: FACS 0x000000003FFF0200 000040
[    0.000000] ACPI: APIC 0x000000003FFF0240 00005C (v02 VBOX   VBOXAPIC 00000001 ASL  00000061)
[    0.000000] ACPI: SSDT 0x000000003FFF02A0 0001CC (v01 VBOX   VBOXCPUT 00000002 INTL 20100528)
[    0.000000] No NUMA configuration found
[    0.000000] Faking a node at [mem 0x0000000000000000-0x000000003ffeffff]
[    0.000000] NODE_DATA(0) allocated [mem 0x3ffeb000-0x3ffeffff]
[    0.000000] kvm-clock: Using msrs 4b564d01 and 4b564d00
[    0.000000] kvm-clock: cpu 0, msr 0:3ffe3001, primary cpu clock
[    0.000000] kvm-clock: using sched offset of 3378195775 cycles
[    0.000000] clocksource: kvm-clock: mask: 0xffffffffffffffff max_cycles: 0x1cd42e4dffb, max_idle_ns: 881590591483 ns
[    0.000000] Zone ranges:
[    0.000000]   DMA      [mem 0x0000000000001000-0x0000000000ffffff]
[    0.000000]   DMA32    [mem 0x0000000001000000-0x000000003ffeffff]
[    0.000000]   Normal   empty
[    0.000000]   Device   empty
[    0.000000] Movable zone start for each node
[    0.000000] Early memory node ranges
[    0.000000]   node   0: [mem 0x0000000000001000-0x000000000009efff]
[    0.000000]   node   0: [mem 0x0000000000100000-0x000000003ffeffff]
[    0.000000] Initmem setup node 0 [mem 0x0000000000001000-0x000000003ffeffff]
[    0.000000] ACPI: PM-Timer IO Port: 0x4008
[    0.000000] IOAPIC[0]: apic_id 2, version 32, address 0xfec00000, GSI 0-23
[    0.000000] ACPI: INT_SRC_OVR (bus 0 bus_irq 0 global_irq 2 dfl dfl)
[    0.000000] ACPI: INT_SRC_OVR (bus 0 bus_irq 9 global_irq 9 high level)
[    0.000000] Using ACPI (MADT) for SMP configuration information
[    0.000000] smpboot: Allowing 2 CPUs, 0 hotplug CPUs
[    0.000000] PM: Registered nosave memory: [mem 0x00000000-0x00000fff]
[    0.000000] PM: Registered nosave memory: [mem 0x0009f000-0x0009ffff]
[    0.000000] PM: Registered nosave memory: [mem 0x000a0000-0x000effff]
[    0.000000] PM: Registered nosave memory: [mem 0x000f0000-0x000fffff]
[    0.000000] e820: [mem 0x40000000-0xfebfffff] available for PCI devices
[    0.000000] Booting paravirtualized kernel on KVM
[    0.000000] clocksource: refined-jiffies: mask: 0xffffffff max_cycles: 0xffffffff, max_idle_ns: 7645519600211568 ns
[    0.000000] setup_percpu: NR_CPUS:512 nr_cpumask_bits:512 nr_cpu_ids:2 nr_node_ids:1
[    0.000000] PERCPU: Embedded 33 pages/cpu @ffff88003fc00000 s98264 r8192 d28712 u1048576
[    0.000000] PV qspinlock hash table entries: 256 (order: 0, 4096 bytes)
[    0.000000] Built 1 zonelists in Node order, mobility grouping on.  Total pages: 257913
[    0.000000] Policy zone: DMA32
[    0.000000] Kernel command line: BOOT_IMAGE=/boot/vmlinuz-4.4.0-66-generic root=LABEL=cloudimg-rootfs ro console=tty1 console=ttyS0
[    0.000000] PID hash table entries: 4096 (order: 3, 32768 bytes)
[    0.000000] Memory: 1001760K/1048120K available (8452K kernel code, 1293K rwdata, 3980K rodata, 1488K init, 1316K bss, 46360K reserved, 0K cma-reserved)
[    0.000000] SLUB: HWalign=64, Order=0-3, MinObjects=0, CPUs=2, Nodes=1
[    0.000000] Hierarchical RCU implementation.
[    0.000000] 	Build-time adjustment of leaf fanout to 64.
[    0.000000] 	RCU restricting CPUs from NR_CPUS=512 to nr_cpu_ids=2.
[    0.000000] RCU: Adjusting geometry for rcu_fanout_leaf=64, nr_cpu_ids=2
[    0.000000] NR_IRQS:33024 nr_irqs:440 16
[    0.000000] Console: colour VGA+ 80x25
[    0.000000] console [tty1] enabled
[    0.000000] console [ttyS0] enabled
[    0.000000] tsc: Detected 1991.999 MHz processor
[    4.802420] Calibrating delay loop (skipped) preset value.. 3983.99 BogoMIPS (lpj=7967996)
[    4.861702] pid_max: default: 32768 minimum: 301
[    4.902448] ACPI: Core revision 20150930
[    4.906652] ACPI: 2 ACPI AML tables successfully acquired and loaded
[    4.972099] Security Framework initialized
[    4.991092] Yama: becoming mindful.
[    5.001987] AppArmor: AppArmor initialized
[    5.003005] Dentry cache hash table entries: 131072 (order: 8, 1048576 bytes)
[    5.004631] Inode-cache hash table entries: 65536 (order: 7, 524288 bytes)
[    5.007734] Mount-cache hash table entries: 2048 (order: 2, 16384 bytes)
[    5.028294] Mountpoint-cache hash table entries: 2048 (order: 2, 16384 bytes)
[    5.029923] Initializing cgroup subsys io
[    5.030849] Initializing cgroup subsys memory
[    5.031830] Initializing cgroup subsys devices
[    5.045705] Initializing cgroup subsys freezer
[    5.093523] Initializing cgroup subsys net_cls
[    5.130586] Initializing cgroup subsys perf_event
[    5.131621] Initializing cgroup subsys net_prio
[    5.143669] Initializing cgroup subsys hugetlb
[    5.150555] Initializing cgroup subsys pids
[    5.151612] CPU: Physical Processor ID: 0
[    5.189485] CPU: Processor Core ID: 0
[    5.215501] mce: CPU supports 0 MCE banks
[    5.234825] Last level iTLB entries: 4KB 64, 2MB 8, 4MB 8
[    5.241670] Last level dTLB entries: 4KB 64, 2MB 0, 4MB 0, 1GB 4
[    5.257128] Freeing SMP alternatives memory: 32K (ffffffff820b9000 - ffffffff820c1000)
[    5.334590] ftrace: allocating 32123 entries in 126 pages
[    5.393151] smpboot: APIC(0) Converting physical 0 to logical package 0
[    5.443157] smpboot: Max logical packages: 1
[    5.444426] x2apic enabled
[    5.481496] Switched APIC routing to physical x2apic.
[    5.512302] ..TIMER: vector=0x30 apic1=0 pin1=2 apic2=-1 pin2=-1
[    5.629378] smpboot: CPU0: Intel(R) Core(TM) i5-6360U CPU @ 2.00GHz (family: 0x6, model: 0x4e, stepping: 0x3)
[    5.778363] Performance Events: unsupported p6 CPU model 78 no PMU driver, software events only.
[    5.916617] KVM setup paravirtual spinlock
[    5.980745] x86: Booting SMP configuration:
[    6.036762] .... node  #0, CPUs:      #1
[    6.037834] kvm-clock: cpu 1, msr 0:3ffe3041, secondary cpu clock
[    6.042978] mce: CPU supports 0 MCE banks
[    6.053758] x86: Booted up 1 node, 2 CPUs
[    6.086256] smpboot: Total of 2 processors activated (7967.99 BogoMIPS)
[    6.140201] devtmpfs: initialized
[    6.174268] evm: security.selinux
[    6.206766] evm: security.SMACK64
[    6.251303] evm: security.SMACK64EXEC
[    6.285044] evm: security.SMACK64TRANSMUTE
[    6.322789] evm: security.SMACK64MMAP
[    6.357631] evm: security.ima
[    6.382936] evm: security.capability
[    6.424475] clocksource: jiffies: mask: 0xffffffff max_cycles: 0xffffffff, max_idle_ns: 7645041785100000 ns
[    6.539355] pinctrl core: initialized pinctrl subsystem
[    6.585476] RTC time: 23:29:45, date: 03/30/17
[    6.610831] NET: Registered protocol family 16
[    6.658339] cpuidle: using governor ladder
[    6.686874] cpuidle: using governor menu
[    6.704787] PCCT header not found.
[    6.741388] ACPI: bus type PCI registered
[    6.784104] acpiphp: ACPI Hot Plug PCI Controller Driver version: 0.5
[    6.858406] PCI: Using configuration type 1 for base access
[    6.938026] ACPI: Added _OSI(Module Device)
[    6.979559] ACPI: Added _OSI(Processor Device)
[    7.028899] ACPI: Added _OSI(3.0 _SCP Extensions)
[    7.072877] ACPI: Added _OSI(Processor Aggregator Device)
[    7.126198] ACPI: Executed 1 blocks of module-level executable AML code
[    7.201540] ACPI: Interpreter enabled
[    7.245859] ACPI: (supports S0 S5)
[    7.265417] ACPI: Using IOAPIC for interrupt routing
[    7.266808] PCI: Using host bridge windows from ACPI; if necessary, use "pci=nocrs" and report a bug
[    7.304388] ACPI: PCI Root Bridge [PCI0] (domain 0000 [bus 00-ff])
[    7.368230] acpi PNP0A03:00: _OSC: OS supports [ASPM ClockPM Segments MSI]
[    7.465067] acpi PNP0A03:00: _OSC failed (AE_NOT_FOUND); disabling ASPM
[    7.533604] acpi PNP0A03:00: fail to add MMCONFIG information, can't access extended PCI configuration space under this bridge.
[    7.659580] PCI host bridge to bus 0000:00
[    7.703366] pci_bus 0000:00: root bus resource [io  0x0000-0x0cf7 window]
[    7.762561] pci_bus 0000:00: root bus resource [io  0x0d00-0xffff window]
[    7.828167] pci_bus 0000:00: root bus resource [mem 0x000a0000-0x000bffff window]
[    7.904525] pci_bus 0000:00: root bus resource [mem 0x40000000-0xffdfffff window]
[    7.979781] pci_bus 0000:00: root bus resource [bus 00-ff]
[    8.026539] pci 0000:00:01.1: legacy IDE quirk: reg 0x10: [io  0x01f0-0x01f7]
[    8.113170] pci 0000:00:01.1: legacy IDE quirk: reg 0x14: [io  0x03f6]
[    8.197337] pci 0000:00:01.1: legacy IDE quirk: reg 0x18: [io  0x0170-0x0177]
[    8.217525] pci 0000:00:01.1: legacy IDE quirk: reg 0x1c: [io  0x0376]
[    8.272341] pci 0000:00:07.0: quirk: [io  0x4000-0x403f] claimed by PIIX4 ACPI
[    8.349955] pci 0000:00:07.0: quirk: [io  0x4100-0x410f] claimed by PIIX4 SMB
[    8.438605] ACPI: PCI Interrupt Link [LNKA] (IRQs 5 9 10 *11)
[    8.503984] ACPI: PCI Interrupt Link [LNKB] (IRQs 5 9 10 *11)
[    8.577176] ACPI: PCI Interrupt Link [LNKC] (IRQs 5 9 *10 11)
[    8.648965] ACPI: PCI Interrupt Link [LNKD] (IRQs 5 *9 10 11)
[    8.695314] ACPI: Enabled 2 GPEs in block 00 to 07
[    8.696823] vgaarb: setting as boot device: PCI:0000:00:02.0
[    8.764120] vgaarb: device added: PCI:0000:00:02.0,decodes=io+mem,owns=io+mem,locks=none
[    8.843192] vgaarb: loaded
[    8.872031] vgaarb: bridge control possible 0000:00:02.0
[    8.912899] SCSI subsystem initialized
[    8.932101] ACPI: bus type USB registered
[    8.946951] usbcore: registered new interface driver usbfs
[    8.984276] usbcore: registered new interface driver hub
[    9.020589] usbcore: registered new device driver usb
[    9.034986] PCI: Using ACPI for IRQ routing
[    9.050772] NetLabel: Initializing
[    9.096900] NetLabel:  domain hash size = 128
[    9.142834] NetLabel:  protocols = UNLABELED CIPSOv4
[    9.163187] NetLabel:  unlabeled traffic allowed by default
[    9.180620] amd_nb: Cannot enumerate AMD northbridges
[    9.207866] clocksource: Switched to clocksource kvm-clock
[    9.231442] AppArmor: AppArmor Filesystem Enabled
[    9.293763] pnp: PnP ACPI init
[    9.295482] pnp: PnP ACPI: found 3 devices
[    9.334169] clocksource: acpi_pm: mask: 0xffffff max_cycles: 0xffffff, max_idle_ns: 2085701024 ns
[    9.354302] NET: Registered protocol family 2
[    9.427473] TCP established hash table entries: 8192 (order: 4, 65536 bytes)
[    9.453211] TCP bind hash table entries: 8192 (order: 5, 131072 bytes)
[    9.593901] TCP: Hash tables configured (established 8192 bind 8192)
[    9.733741] UDP hash table entries: 512 (order: 2, 16384 bytes)
[    9.791351] UDP-Lite hash table entries: 512 (order: 2, 16384 bytes)
[    9.792642] NET: Registered protocol family 1
[    9.863337] pci 0000:00:00.0: Limiting direct PCI/PCI transfers
[    9.925826] pci 0000:00:01.0: Activating ISA DMA hang workarounds
[   10.075686] Trying to unpack rootfs image as initramfs...
[   11.922418] Freeing initrd memory: 10816K (ffff880036ad0000 - ffff880037560000)
[   12.103134] platform rtc_cmos: registered platform RTC device (no PNP device found)
[   12.259158] Scanning for low memory corruption every 60 seconds
[   12.270869] futex hash table entries: 512 (order: 3, 32768 bytes)
[   12.278138] audit: initializing netlink subsys (disabled)
[   12.297235] audit: type=2000 audit(1490916587.951:1): initialized
[   12.315130] Initialise system trusted keyring
[   12.326338] HugeTLB registered 2 MB page size, pre-allocated 0 pages
[   12.342546] zbud: loaded
[   12.351464] VFS: Disk quotas dquot_6.6.0
[   12.358848] VFS: Dquot-cache hash table entries: 512 (order 0, 4096 bytes)
[   12.361989] squashfs: version 4.0 (2009/01/31) Phillip Lougher
[   12.367099] fuse init (API version 7.23)
[   12.369745] Key type big_key registered
[   12.379495] Allocating IMA MOK and blacklist keyrings.
[   12.405038] Key type asymmetric registered
[   12.410702] Asymmetric key parser 'x509' registered
[   12.422892] Block layer SCSI generic (bsg) driver version 0.4 loaded (major 249)
[   12.437518] io scheduler noop registered
[   12.449718] io scheduler deadline registered (default)
[   12.463920] io scheduler cfq registered
[   12.493147] pci_hotplug: PCI Hot Plug PCI Core version: 0.5
[   12.607120] pciehp: PCI Express Hot Plug Controller Driver version: 0.4
[   12.744244] ACPI: AC Adapter [AC] (on-line)
[   12.831109] input: Power Button as /devices/LNXSYSTM:00/LNXPWRBN:00/input/input0
[   12.970115] ACPI: Power Button [PWRF]
[   12.971054] input: Sleep Button as /devices/LNXSYSTM:00/LNXSLPBN:00/input/input1
[   12.972775] ACPI: Sleep Button [SLPF]
[   12.973823] GHES: HEST is not enabled!
[   12.974837] ACPI: Battery Slot [BAT0] (battery present)
[   13.150914] tsc: Refined TSC clocksource calibration: 1990.840 MHz
[   13.263222] clocksource: tsc: mask: 0xffffffffffffffff max_cycles: 0x3964c277e5a, max_idle_ns: 881590497439 ns
[   13.263408] Serial: 8250/16550 driver, 32 ports, IRQ sharing enabled
[   13.461962] 00:02: ttyS0 at I/O 0x3f8 (irq = 4, base_baud = 115200) is a 16550A
[   13.564163] Linux agpgart interface v0.103
[   13.648009] brd: module loaded
[   13.649032] loop: module loaded
[   13.649855] scsi host0: ata_piix
[   13.649965] scsi host1: ata_piix
[   13.650027] ata1: PATA max UDMA/33 cmd 0x1f0 ctl 0x3f6 bmdma 0xd000 irq 14
[   13.650029] ata2: PATA max UDMA/33 cmd 0x170 ctl 0x376 bmdma 0xd008 irq 15
[   13.650160] libphy: Fixed MDIO Bus: probed
[   13.650163] tun: Universal TUN/TAP device driver, 1.6
[   13.650164] tun: (C) 1999-2004 Max Krasnyansky <maxk@qualcomm.com>
[   13.650547] PPP generic driver version 2.4.2
[   13.650633] ehci_hcd: USB 2.0 'Enhanced' Host Controller (EHCI) Driver
[   13.650638] ehci-pci: EHCI PCI platform driver
[   13.650655] ehci-platform: EHCI generic platform driver
[   13.650681] ohci_hcd: USB 1.1 'Open' Host Controller (OHCI) Driver
[   13.650687] ohci-pci: OHCI PCI platform driver
[   13.650698] ohci-platform: OHCI generic platform driver
[   13.650707] uhci_hcd: USB Universal Host Controller Interface driver
[   13.650795] i8042: PNP: PS/2 Controller [PNP0303:PS2K,PNP0f03:PS2M] at 0x60,0x64 irq 1,12
[   13.660598] serio: i8042 KBD port at 0x60,0x64 irq 1
[   13.660617] serio: i8042 AUX port at 0x60,0x64 irq 12
[   13.660805] mousedev: PS/2 mouse device common for all mice
[   13.661199] rtc_cmos rtc_cmos: rtc core: registered rtc_cmos as rtc0
[   13.661248] rtc_cmos rtc_cmos: alarms up to one day, 114 bytes nvram
[   13.661255] i2c /dev entries driver
[   13.661311] device-mapper: uevent: version 1.0.3
[   13.661360] device-mapper: ioctl: 4.34.0-ioctl (2015-10-28) initialised: dm-devel@redhat.com
[   13.661381] ledtrig-cpu: registered to indicate activity on CPUs
[   13.661616] NET: Registered protocol family 10
[   13.661750] NET: Registered protocol family 17
[   13.661760] Key type dns_resolver registered
[   13.662730] microcode: CPU0 sig=0x406e3, pf=0x2, revision=0x0
[   13.662740] microcode: CPU1 sig=0x406e3, pf=0x2, revision=0x0
[   13.662802] microcode: Microcode Update Driver: v2.01 <tigran@aivazian.fsnet.co.uk>, Peter Oruba
[   13.662937] registered taskstats version 1
[   13.662953] Loading compiled-in X.509 certificates
[   13.663672] Loaded X.509 cert 'Build time autogenerated kernel key: 32ca4feee90b5cde51f5f8c0e024b22f8c679982'
[   13.663690] zswap: loaded using pool lzo/zbud
[   13.665535] Key type trusted registered
[   13.668353] Key type encrypted registered
[   13.668363] AppArmor: AppArmor sha1 policy hashing enabled
[   13.668366] ima: No TPM chip found, activating TPM-bypass!
[   13.668385] evm: HMAC attrs: 0x1
[   13.668791]   Magic number: 9:603:505
[   13.668800] i8042 i8042: hash matches
[   13.671055] rtc_cmos rtc_cmos: setting system clock to 2017-03-30 23:29:53 UTC (1490916593)
[   13.671190] BIOS EDD facility v0.16 2004-Jun-25, 0 devices found
[   13.671190] EDD information not available.
[   13.925605] input: AT Translated Set 2 keyboard as /devices/platform/i8042/serio0/input/input2
[   16.178160] Freeing unused kernel memory: 1488K (ffffffff81f45000 - ffffffff820b9000)
[   16.226111] Write protecting the kernel read-only data: 14336k
[   16.350784] Freeing unused kernel memory: 1776K (ffff880001844000 - ffff880001a00000)
[   16.488411] Freeing unused kernel memory: 116K (ffff880001de3000 - ffff880001e00000)
Loading, please [   16.507481] random: systemd-udevd: uninitialized urandom read (16 bytes read, 5 bits of entropy available)
wait...
startin[   16.508101] random: udevadm: uninitialized urandom read (16 bytes read, 5 bits of entropy available)
g version 229
[   16.508134] random: udevadm: uninitialized urandom read (16 bytes read, 5 bits of entropy available)
[   16.508233] random: udevadm: uninitialized urandom read (16 bytes read, 5 bits of entropy available)
[   16.508266] random: udevadm: uninitialized urandom read (16 bytes read, 5 bits of entropy available)
[   16.508299] random: udevadm: uninitialized urandom read (16 bytes read, 5 bits of entropy available)
[   16.508333] random: udevadm: uninitialized urandom read (16 bytes read, 5 bits of entropy available)
[   16.508366] random: udevadm: uninitialized urandom read (16 bytes read, 5 bits of entropy available)
[   16.508396] random: udevadm: uninitialized urandom read (16 bytes read, 5 bits of entropy available)
[   16.508428] random: udevadm: uninitialized urandom read (16 bytes read, 5 bits of entropy available)
[   17.586445] e1000: Intel(R) PRO/1000 Network Driver - version 7.3.21-k8-NAPI
[   17.668816] e1000: Copyright (c) 1999-2006 Intel Corporation.
[   17.714678] AVX version of gcm_enc/dec engaged.
[   17.726920] Fusion MPT base driver 3.04.20
[   17.726920] Copyright (c) 1999-2008 LSI Corporation
[   17.794807] AES CTR mode by8 optimization enabled
[   17.799780] Fusion MPT SPI Host driver 3.04.20
[   17.914003] input: ImExPS/2 Generic Explorer Mouse as /devices/platform/i8042/serio1/input/input4
[   18.188916] e1000 0000:00:03.0 eth0: (PCI:33MHz:32-bit) 02:ed:55:e6:81:b9
[   18.293559] e1000 0000:00:03.0 eth0: Intel(R) PRO/1000 Network Connection
[   18.412011] mptbase: ioc0: Initiating bringup
[   18.536707] ioc0: LSI53C1030 A0: Capabilities={Initiator}
[   18.779939] scsi host2: ioc0: LSI53C1030 A0, FwRev=00000000h, Ports=1, MaxQ=256, IRQ=20
[   18.925329] scsi 2:0:0:0: Direct-Access     VBOX     HARDDISK         1.0  PQ: 0 ANSI: 5
[   19.000751] scsi target2:0:0: Beginning Domain Validation
[   19.039362] scsi target2:0:0: Domain Validation skipping write tests
[   19.083483] scsi target2:0:0: Ending Domain Validation
[   19.096721] scsi target2:0:0: asynchronous
[   19.112960] scsi 2:0:1:0: Direct-Access     VBOX     HARDDISK         1.0  PQ: 0 ANSI: 5
[   19.187232] scsi target2:0:1: Beginning Domain Validation
[   19.217323] scsi target2:0:1: Domain Validation skipping write tests
[   19.282160] scsi target2:0:1: Ending Domain Validation
[   19.288573] e1000 0000:00:08.0 eth1: (PCI:33MHz:32-bit) 08:00:27:b9:73:6b
[   19.288575] e1000 0000:00:08.0 eth1: Intel(R) PRO/1000 Network Connection
[   19.421761] scsi target2:0:1: asynchronous
[   19.470627] e1000 0000:00:03.0 enp0s3: renamed from eth0
[   19.546630] sd 2:0:0:0: Attached scsi generic sg0 type 0
[   19.549452] sd 2:0:0:0: [sda] 20971520 512-byte logical blocks: (10.7 GB/10.0 GiB)
[   19.634401] e1000 0000:00:08.0 enp0s8: renamed from eth1
[   19.663610] sd 2:0:1:0: Attached scsi generic sg1 type 0
[   19.737936] sd 2:0:1:0: [sdb] 20480 512-byte logical blocks: (10.5 MB/10.0 MiB)
[   19.830502] sd 2:0:0:0: [sda] Write Protect is off
[   19.830694] sd 2:0:1:0: [sdb] Write Protect is off
[   19.830804] sd 2:0:1:0: [sdb] Incomplete mode parameter data
[   19.830805] sd 2:0:1:0: [sdb] Assuming drive cache: write through
[   19.918326] sd 2:0:1:0: [sdb] Attached SCSI disk
[   20.086844] sd 2:0:0:0: [sda] Incomplete mode parameter data
[   20.133757] sd 2:0:0:0: [sda] Assuming drive cache: write through
[   20.185048]  sda: sda1
[   20.258210] sd 2:0:0:0: [sda] Attached SCSI disk
[   20.704478] floppy0: no floppy controllers found
Begin: Loading e[   22.181714] md: linear personality registered for level -1
ssential drivers ... [   22.207300] md: multipath personality registered for level -4
[   22.220443] md: raid0 personality registered for level 0
[   22.236350] md: raid1 personality registered for level 1
[   22.387959] raid6: sse2x1   gen()  8175 MB/s
[   22.479941] raid6: sse2x1   xor()  5230 MB/s
[   22.563929] raid6: sse2x2   gen() 10034 MB/s
[   22.703937] raid6: sse2x2   xor()  6853 MB/s
[   22.827952] raid6: sse2x4   gen() 11540 MB/s
[   22.936698] raid6: sse2x4   xor()  7581 MB/s
[   23.015773] raid6: using algorithm sse2x4 gen() 11540 MB/s
[   23.034725] raid6: .... xor() 7581 MB/s, rmw enabled
[   23.043003] raid6: using ssse3x2 recovery algorithm
[   23.126131] xor: automatically using best checksumming function:
[   23.228023]    avx       : 18511.000 MB/sec
[   23.283289] async_tx: api initialized (async)
[   23.307699] md: raid6 personality registered for level 6
[   23.326776] md: raid5 personality registered for level 5
[   23.393586] md: raid4 personality registered for level 4
[   23.399711] md: raid10 personality registered for level 10
done.
Begin: Running /scripts/init-premount ... done[   23.510481] Btrfs loaded
.
Begin: Mounting root file system ... Begin: Running /scripts/local-top ... done.
Begin: Running /scripts/local-premount ... Scanning for Btrfs filesystems
done.
Warning: fsck no[   23.574992] EXT4-fs (sda1): mounted filesystem with ordered data mode. Opts: (null)
t present, so skipping root file system
done.
Begin: Running /scripts/local-bottom ... done.
Begin: Running /scripts/init-bottom ... done.
[   23.762755] systemd[1]: systemd 229 running in system mode. (+PAM +AUDIT +SELINUX +IMA +APPARMOR +SMACK +SYSVINIT +UTMP +LIBCRYPTSETUP +GCRYPT +GNUTLS +ACL +XZ -LZ4 +SECCOMP +BLKID +ELFUTILS +KMOD -IDN)
[   23.865847] systemd[1]: Detected virtualization oracle.
[   23.963676] systemd[1]: Detected architecture x86-64.

Welcome to [1mUbuntu 16.04.2 LTS[0m!

[   24.018198] systemd[1]: Set hostname to <ubuntu>.
[   24.086596] systemd[1]: Initializing machine ID from random generator.
[   24.184911] systemd[1]: Installed transient /etc/machine-id file.
[   24.422153] systemd[1]: Listening on udev Control Socket.
[[0;32m  OK  [0m] Listening on udev Control Socket.
[   24.476458] systemd[1]: Listening on Journal Socket.
[[0;32m  OK  [0m] Listening on Journal Socket.
[   24.572221] systemd[1]: Reached target User and Group Name Lookups.
[[0;32m  OK  [0m] Reached target User and Group Name Lookups.
[   24.665918] systemd[1]: Listening on LVM2 poll daemon socket.
[[0;32m  OK  [0m] Listening on LVM2 poll daemon socket.
[   24.772430] systemd[1]: Listening on udev Kernel Socket.
[[0;32m  OK  [0m] Listening on udev Kernel Socket.
[   24.904483] systemd[1]: Listening on Device-mapper event daemon FIFOs.
[[0;32m  OK  [0m] Listening on Device-mapper event daemon FIFOs.
[   24.964333] systemd[1]: Set up automount Arbitrary Executable File Formats File System Automount Point.
[[0;32m  OK  [0m] Set up automount Arbitrary Executab...ats File System Automount Point.
[   25.148738] systemd[1]: Listening on Journal Socket (/dev/log).
[[0;32m  OK  [0m] Listening on Journal Socket (/dev/log).
[   25.220710] systemd[1]: Created slice System Slice.
[[0;32m  OK  [0m] Created slice System Slice.
[   25.340895] systemd[1]: Starting Uncomplicated firewall...
[   25.341543] random: nonblocking pool is initialized
         Starting Uncomplicated firewall...
[   25.528087] systemd[1]: Mounting Debug File System...
         Mounting Debug File System...
[   25.600501] systemd[1]: Starting Nameserver information manager...
         Starting Nameserver information manager...
[   25.708201] systemd[1]: Starting Set console keymap...
         Starting Set console keymap...
[   25.828457] systemd[1]: Starting Create list of required static device nodes for the current kernel...
         Starting Create list of required st... nodes for the current kernel...
[   25.988864] systemd[1]: Created slice system-serial\x2dgetty.slice.
[[0;32m  OK  [0m] Created slice system-serial\x2dgetty.slice.
[   26.109149] systemd[1]: Mounting Huge Pages File System...
         Mounting Huge Pages File System...
[   26.288358] systemd[1]: Starting Load Kernel Modules...
[   26.304516] Loading iSCSI transport class v2.0-870.
         Starting Load Kernel Mo[   26.412067] iscsi: registered transport (tcp)
dules...
[   26.453233] systemd[1]: Created slice User and Session Slice.
[[0;32m  OK  [0m] Created slic[   26.497618] iscsi: registered transport (iser)
e User and Session Slice.
[   26.600426] systemd[1]: Mounting POSIX Message Queue File System...
         Mounting POSIX Message Queue File System...
[   26.652352] systemd[1]: Listening on Syslog Socket.
[[0;32m  OK  [0m] Listening on Syslog Socket.
[   26.672185] systemd[1]: Listening on LVM2 metadata daemon socket.
[[0;32m  OK  [0m] Listening on LVM2 metadata daemon socket.
[   26.816884] systemd[1]: Starting Monitoring of LVM2 mirrors, snapshots etc. using dmeventd or progress polling...
         Starting Monitoring of LVM2 mirrors... dmeventd or progress polling...
[   27.022021] systemd[1]: Reached target Slices.
[[0;32m  OK  [0m] Reached target Slices.
[   27.148964] systemd[1]: Reached target Encrypted Volumes.
[[0;32m  OK  [0m] Reached target Encrypted Volumes.
[   27.248829] systemd[1]: Started Forward Password Requests to Wall Directory Watch.
[[0;32m  OK  [0m] Started Forward Password Requests to Wall Directory Watch.
[   27.400383] systemd[1]: Listening on /dev/initctl Compatibility Named Pipe.
[[0;32m  OK  [0m] Listening on /dev/initctl Compatibility Named Pipe.
[   27.496336] systemd[1]: Listening on Journal Audit Socket.
[[0;32m  OK  [0m] Listening on Journal Audit Socket.
[   27.540149] systemd[1]: Starting Journal Service...
         Starting Journal Service...
[   27.577647] systemd[1]: Reached target Swap.
[[0;32m  OK  [0m] Reached target Swap.
[   27.616185] systemd[1]: Starting Remount Root and Kernel File Systems...
[   27.620134] EXT4-fs (sda1): re-mounted. Opts: (null)
         Starting Remount Root and Kernel File Systems...
[   27.745500] systemd[1]: Mounted POSIX Message Queue File System.
[[0;32m  OK  [0m] Mounted POSIX Message Queue File System.
[   27.804933] systemd[1]: Mounted Huge Pages File System.
[[0;32m  OK  [0m] Mounted Huge Pages File System.
[   27.864544] systemd[1]: Mounted Debug File System.
[[0;32m  OK  [0m] Mounted Debug File System.
[   27.984527] systemd[1]: Started Journal Service.
[[0;32m  OK  [0m] Started Journal Service.
[[0;32m  OK  [0m] Started Uncomplicated firewall.
[[0;32m  OK  [0m] Started Set console keymap.
[[0;32m  OK  [0m] Started Create list of required sta...ce nodes for the current kernel.
[[0;32m  OK  [0m] Started Load Kernel Modules.
[[0;32m  OK  [0m] Started Remount Root and Kernel File Systems.
[[0;32m  OK  [0m] Started Nameserver information manager.
[[0;32m  OK  [0m] Started LVM2 metadata daemon.
         Starting Initial cloud-init job (pre-networking)...
         Starting Load/Save Random Seed...
         Starting udev Coldplug all Devices...
         Mounting FUSE Control File System...
         Starting Apply Kernel Variables...
         Starting Create Static Device Nodes in /dev...
         Starting Flush Journal to Persistent Storage...
[[0;32m  OK  [0m] Mounted FUSE Control File System.
[[0;32m  OK  [0m] Started Load/Save Random Seed.
[[0;32m  OK  [0m] Started Apply Kernel Variables.
[[0;32m  OK  [0m] Started Create Static Device Nodes in /dev.
[[0;32m  OK  [0m] Started udev Coldplug all Devices.
[[0;32m  OK  [0m] Started Monitoring of LVM2 mirrors,...ng dmeventd or progress polling.
         Starting udev Kernel Device Manager...
[[0;32m  OK  [0m] Started Flush Journal to Persistent Storage.
[[0;32m  OK  [0m] Started udev Kernel Device Manager.
[[0;32m  OK  [0m] Reached target Local File Systems (Pre).
[[0;32m  OK  [0m] Reached target Local File Systems.
[   20.564800] cloud-init[475]: Cloud-init v. 0.7.9 running 'init-local' at Thu, 30 Mar 2017 23:30:08 +0000. Up 20.29 seconds.
         Starting Set console font and keymap...
         Starting Tell Plymouth To Write Out Runtime Data...
         Starting LSB: AppArmor initialization...
         Starting Commit a transient machine-id on disk...
[[0;32m  OK  [0m] Started Dispatch Password Requests to Console Directory Watch.
         Starting Create Volatile Files and Directories...
[[0;32m  OK  [0m] Started Set console font and keymap.
[[0;32m  OK  [0m] Started Tell Plymouth To Write Out Runtime Data.
[[0;32m  OK  [0m] Started Commit a transient machine-id on disk.
[[0;32m  OK  [0m] Started Create Volatile Files and Directories.
[[0;32m  OK  [0m] Started Initial cloud-init job (pre-networking).
[[0;32m  OK  [0m] Found device /dev/ttyS0.
[[0;32m  OK  [0m] Listening on Load/Save RF Kill Switch Status /dev/rfkill Watch.
[[0;32m  OK  [0m] Reached target Network (Pre).
[[0;32m  OK  [0m] Reached target System Time Synchronized.
         Starting Update UTMP about System Boot/Shutdown...
[[0;32m  OK  [0m] Created slice system-getty.slice.
[[0;32m  OK  [0m] Started Update UTMP about System Boot/Shutdown.
[[0;32m  OK  [0m] Started LSB: AppArmor initialization.
         Starting Raise network interfaces...
[[0;32m  OK  [0m] Started ifup for enp0s3.
[[0;32m  OK  [0m] Started Raise network interfaces.
         Starting Initial cloud-init job (metadata service crawler)...
[[0;32m  OK  [0m] Reached target Network.
[   24.561931] cloud-init[1062]: Cloud-init v. 0.7.9 running 'init' at Thu, 30 Mar 2017 23:30:12 +0000. Up 24.02 seconds.
[[0;32m  OK  [0m] Started Initial cloud-init job (metadata service crawler).
[   24.651067] cloud-init[1062]: ci-info: ++++++++++++++++++++++++++++++++++++++Net device info++++++++++++++++++++++++++++++++++++++
[   24.728109] cloud-init[1062]: ci-info: +--------+-------+----------------------------+---------------+-------+-------------------+
[   24.821117] cloud-init[1062]: ci-info: | Device |   Up  |          Address           |      Mask     | Scope |     Hw-Address    |
[   24.920570] cloud-init[1062]: ci-info: +--------+-------+----------------------------+---------------+-------+-------------------+
[   25.048634] cloud-init[1062]: ci-info: | enp0s3 |  True |         10.0.2.15          | 255.255.255.0 |   .   | 02:ed:55:e6:81:b9 |
[[0;32m  OK  [0m] Reached target Cloud-config availability.
[[0;32m  OK  [0m] Reached target System Initialization.
[[0;32m  OK  [0m] Started Daily Cleanup of Temporary Directories.
[[0;32m  OK  [0m] Started Trigger resolvconf update for networkd DNS.
[   25.195009] cloud-init[1062]: ci-info: | enp0s3 |  True | fe80::ed:55ff:fee6:81b9/64 |       .       |  link | 02:ed:55:e6:81:b9 |
[   25.560696] cloud-init[1062]: ci-info: | enp0s8 | False |             .              |       .       |   .   | 08:00:27:b9:73:6b |
[   25.665353] cloud-init[1062]: ci-info: |   lo   |  True |         127.0.0.1          |   255.0.0.0   |   .   |         .         |
[[0;32m  OK  [0m] Listening on UUID daemon activation socket.
[   25.775968]          cloud-initStarting Socket activation for snappy daemon.[1062]: 
ci-info: |   lo   |  True |          ::1/128           |       .       |  host |         .         |
[   25.873208] [cloud-init[0;32m  OK  [0m[1062]: ] ci-info: +--------+-------+----------------------------+---------------+-------+-------------------+Listening on D-Bus System Message Bus Socket.

[   25.873672] cloud-init[1062]: ci-info: +++++++++++++++++++++++++++Route IPv4 info++++++++++++++++++++++++++++
[[0;32m  OK  [0m] Started ACPI Events Check.
[[0;32m  OK  [0m] Reached target Paths.
[   26.016514] cloud-init[1062]: ci-info: +-------+-------------+----------+---------------+-----------+-------+
[   26.084907] [cloud-init[0;32m  OK  [0m[1062]: ] ci-info: | Route | Destination | Gateway  |    Genmask    | Interface | Flags |Started Daily apt activities.

[   26.085509] cloud-init[1062]: ci-info: +-------+-------------+----------+---------------+-----------+-------+
[   26.176505]          cloud-initStarting LXD - unix socket.[1062]: 
ci-info: |   0   |   0.0.0.0   | 10.0.2.2 |    0.0.0.0    |   enp0s3  |   UG  |
[   26.266517] [cloud-init[0;32m  OK  [0m[1062]: ] ci-info: |   1   |   10.0.2.0  | 0.0.0.0  | 255.255.255.0 |   enp0s3  |   U   |Listening on ACPID Listen Socket.

[   26.332445] [cloud-init[0;32m  OK  [0m[1062]: ] ci-info: +-------+-------------+----------+---------------+-----------+-------+Started Timer to automatically refresh installed snaps.

[[0;32m  OK  [0m] Reached target Timers.
[[0;32m  OK  [0m] Reached target Network is Online.
[   26.332929] cloud-init[1062]: Generating public/private rsa key pair.
[   26.508480]          cloud-initStarting iSCSI initiator daemon (iscsid)...[1062]: 
Your identification has been saved in /etc/ssh/ssh_host_rsa_key.
[   26.568657] [cloud-init[0;32m  OK  [0m[1062]: ] Your public key has been saved in /etc/ssh/ssh_host_rsa_key.pub.Listening on Socket activation for snappy daemon.

[   26.569166] [cloud-init[0;32m  OK  [0m[1062]: ] The key fingerprint is:Listening on LXD - unix socket.

[   26.693624] [cloud-init[0;32m  OK  [0m[1062]: ] SHA256:cRTsEcH1IXhtITmkWDTvQDrcxVKpP67XTAJ6tRzoi1g root@ubuntu-xenialStarted iSCSI initiator daemon (iscsid).

[   26.694071] cloud-init[1062]: The key's randomart image is:
         Starting Login to default iSCSI targets...
[   26.779971] cloud-init[1062]: +---[RSA 2048]----+
[   26.820511] [cloud-init[0;32m  OK  [0m[1062]: ] |         +XXB+o. |Reached target Sockets.

[[0;32m  OK  [0m] Reached target Basic System.
[   26.821125] cloud-init[1062]: |       . B*=*+o. |
[   26.960476]          cloud-initStarting LXD - container startup/shutdown...[1062]: 
|        *.=*.o.  |
[   26.961702] cloud-init[1062]: |         +=oo    |
[   27.064426]          cloud-initStarting /etc/rc.local Compatibility...[1062]: 
|        So =.o   |
[   27.065112] cloud-init[1062]: |        E o * .  |
[   27.140342] [cloud-init[0;32m  OK  [0m[1062]: ] |       o o o *   |Started D-Bus System Message Bus.

[   27.140896] cloud-init[1062]: |      . . . o o  |
[[0;32m  OK  [0m] Started Deferred execution scheduler.
[   27.211311] cloud-init[1062]: |          .o     |
[   27.284449] cloud-init[1062]: +----[SHA256]-----+
[   27.300367] cloud-init[1062]: Generating public/private dsa key pair.
[   27.313001] cloud-init[1062]: Your identification has been saved in /etc/ssh/ssh_host_dsa_key.
         Starting Login Service...
[   27.372182] cloud-init[1062]: Your public key has been saved in /etc/ssh/ssh_host_dsa_key.pub.
         Starting System Logging Service...
[   27.473802] cloud-init[1062]: The key fingerprint is:
[   27.540534] cloud-init[1062]: SHA256:tmaOKOET08P8QseeQ1qhFCBOU21H5269ZDELM9m1oCg root@ubuntu-xenial
[   27.590956] cloud-init[1062]: The key's randomart image is:
[   27.608441] cloud-init[1062]: +---[DSA 1024]----+
[   27.608998] cloud-init[1062]: |.ooo. .. . . .   |
         Starting LSB: Record successful boot for GRUB...
[   27.609165] cloud-init[1062]: |o.. .o .+ + o .  |
[   27.720327] cloud-init[1062]: | .  .E.. B + .   |
[   27.752475] cloud-init[1062]: |    . o . = +    |
[   27.752762] cloud-init[1062]: |   = o .So =     |
         Starting LSB: MD monitoring daemon...
[   27.752945] cloud-init[1062]: |  + B =...o .    |
[   27.852351] cloud-init[1062]: | . = O .+  .     |
[   27.852607] cloud-init[1062]: |  + o.==         |
         Starting Pollinate to seed the pseudo random number generator...
[   27.852780] cloud-init[1062]: |   o.....        |
[   27.950602] cloud-init[1062]: +----[SHA256]-----+
         Starting Apply the settings specified in cloud-config...
[   27.963684] cloud-init[1062]: Generating public/private ecdsa key pair.
[[0;32m  OK  [0m] Started Regular background program processing daemon.
[   28.085551] cloud-init[1062]: Your identification has been saved in /etc/ssh/ssh_host_ecdsa_key.
[[   28.212225] cloud-init[1062]: Your public key has been saved in /etc/ssh/ssh_host_ecdsa_key.pub.
[   28.212321] cloud-init[1062]: The key fingerprint is:
[   28.212516] cloud-init[1062]: SHA256:970NaZ2kPjifDLCM3jWW23nvT3w4Y7T6/0DIfzdvX7E root@ubuntu-xenial
[   28.212570] cloud-init[1062]: The key's randomart image is:
[   28.212615] cloud-init[1062]: +---[ECDSA 256]---+
[   28.212660] cloud-init[1062]: |                 |
[   28.212710] cloud-init[1062]: |                 |
[   28.212760] cloud-init[1062]: |                 |
[   28.212807] cloud-init[1062]: |           . .   |
[   28.212853] cloud-init[1062]: |        S.. o oo |
[   28.212901] cloud-init[1062]: |        o.o..=o*+|
[   28.212959] cloud-init[1062]: |       . o *o.&EO|
[   28.213011] cloud-init[1062]: |      . . ooB=o@B|
[   28.213058] cloud-init[1062]: |       . . .+O=+#|
[   28.213103] cloud-init[1062]: +----[SHA256]-----+
[   28.213145] cloud-init[1062]: Generating public/private ed25519 key pair.
[   28.213190] cloud-init[1062]: Your identification has been saved in /etc/ssh/ssh_host_ed25519_key.
[   28.213232] cloud-init[1062]: Your public key has been saved in /etc/ssh/ssh_host_ed25519_key.pub.
[   28.213276] cloud-init[1062]: The key fingerprint is:
[   28.213321] cloud-init[1062]: SHA256:87AyKadH3x/aQt9ISpNkp7bv57DnW9cnd+lluitdtzE root@ubuntu-xenial
[   28.213363] cloud-init[1062]: The key's randomart image is:
[   28.213407] cloud-init[1062]: +--[ED25519 256]--+
[   28.213453] cloud-init[1062]: |                 |
[   28.213501] cloud-init[1062]: |                 |
[   28.213546] cloud-init[1062]: |                 |
[   28.213591] cloud-init[1062]: |          o .    |
[   28.213636] cloud-init[1062]: |        So +     |
[   28.213681] cloud-init[1062]: |      .. =B .  E=|
[   28.213728] cloud-init[1062]: |    ..=..=.*o+.o#|
[   28.213774] cloud-init[1062]: |     +.o. =o++*B=|
[   28.213821] cloud-init[1062]: |    ..    .=**B= |
[   28.213866] cloud-init[1062]: +----[SHA256]-----+
[0;32m  OK  [0m] Started ACPI event daemon.
[   28.495255] cloud-init[1227]: Generating locales (this might take a while)...
         Starting Accounts Service...
[[0;32m  OK  [0m] Started FUSE filesystem for LXC.
[[0;32m  OK  [0m] Started Snappy daemon.
         Starting Auto import assertions from block devices...
[[0;32m  OK  [0m] Started System Logging Service.
[[0;32m  OK  [0m] Started LXD - container startup/shutdown.
[[0;32m  OK  [0m] Started /etc/rc.local Compatibility.
[[0;32m  OK  [0m] Started Auto import assertions from block devices.
[[0;32m  OK  [0m] Started Login to default iSCSI targets.
[[0;32m  OK  [0m] Started LSB: Record successful boot for GRUB.
[[0;32m  OK  [0m] Started LSB: MD monitoring daemon.
[[0;32m  OK  [0m] Started Login Service.
         Starting Authenticate and Authorize Users to Run Privileged Tasks...
[[0;32m  OK  [0m] Reached target Remote File Systems (Pre).
[[0;32m  OK  [0m] Reached target Remote File Systems.
         Starting LSB: automatic crash report generation...
         Starting LSB: Set the CPU Frequency Scaling governor to "ondemand"...
         Starting LSB: daemon to balance interrupts for SMP systems...
         Starting Permit User Sessions...
         Starting LSB: VirtualBox Linux Additions...
[[0;32m  OK  [0m] Started Permit User Sessions.
[[0;32m  OK  [0m] Started Authenticate and Authorize Users to Run Privileged Tasks.
[[0;32m  OK  [0m] Started Accounts Service.
[[0;32m  OK  [0m] Started LSB: Set the CPU Frequency Scaling governor to "ondemand".
[[0;32m  OK  [0m] Started LSB: automatic crash report generation.
[[0;32m  OK  [0m] Started LSB: daemon to balance interrupts for SMP systems.
         Starting Terminate Plymouth Boot Screen...
         Starting Hold until boot process finishes up...
[[0;32m  OK  [0m] Started Pollinate to seed the pseudo random number generator.
[[0;32m  OK  [0m] Started LSB: VirtualBox Linux Additions.
[[0;32m  OK  [0m] Started Terminate Plymouth Boot Screen.
[   29.861742] cloud-init[1227]:   en_US.UTF-8... done
[   29.876864] cloud-init[1227]: Generation complete.
[[0;32m  OK  [0m] Started Hold until boot process finishes up.
         Starting Set console scheme...
[[0;32m  OK  [0m] Started Getty on tty1.
[[0;32m  OK  [0m] Started Serial Getty on ttyS0.
[[0;32m  OK  [0m] Reached target Login Prompts.
         Starting OpenBSD Secure Shell server...
[[0;32m  OK  [0m] Started OpenBSD Secure Shell server.
[[0;32m  OK  [0m] Started Set console scheme.
[[0;32m  OK  [0m] Reached target Multi-User System.
[[0;32m  OK  [0m] Reached target Graphical Interface.
         Starting Update UTMP about System Runlevel Changes...
[[0;32m  OK  [0m] Started Update UTMP about System Runlevel Changes.
         Stopping OpenBSD Secure Shell server...
[[0;32m  OK  [0m] Created slice User Slice of ubuntu.
         Starting User Manager for UID 1000...
[[0;32m  OK  [0m] Started Session 1 of user ubuntu.
[[0;32m  OK  [0m] Started User Manager for UID 1000.
[[0;32m  OK  [0m] Stopped OpenBSD Secure Shell server.
         Starting OpenBSD Secure Shell server...
[[0;32m  OK  [0m] Started OpenBSD Secure Shell server.
[   31.040157] cloud-init[1227]: Cloud-init v. 0.7.9 running 'modules:config' at Thu, 30 Mar 2017 23:30:16 +0000. Up 28.36 seconds.
[[0;32m  OK  [0m] Started Apply the settings specified in cloud-config.
         Starting Execute cloud user/final scripts...
ci-info: no authorized ssh keys fingerprints found for user ubuntu.
<14>Mar 30 23:30:20 ec2: 
<14>Mar 30 23:30:20 ec2: #############################################################
<14>Mar 30 23:30:20 ec2: -----BEGIN SSH HOST KEY FINGERPRINTS-----
<14>Mar 30 23:30:20 ec2: 1024 SHA256:tmaOKOET08P8QseeQ1qhFCBOU21H5269ZDELM9m1oCg root@ubuntu-xenial (DSA)
<14>Mar 30 23:30:20 ec2: 256 SHA256:970NaZ2kPjifDLCM3jWW23nvT3w4Y7T6/0DIfzdvX7E root@ubuntu-xenial (ECDSA)
<14>Mar 30 23:30:20 ec2: 256 SHA256:87AyKadH3x/aQt9ISpNkp7bv57DnW9cnd+lluitdtzE root@ubuntu-xenial (ED25519)
<14>Mar 30 23:30:20 ec2: 2048 SHA256:cRTsEcH1IXhtITmkWDTvQDrcxVKpP67XTAJ6tRzoi1g root@ubuntu-xenial (RSA)
<14>Mar 30 23:30:20 ec2: -----END SSH HOST KEY FINGERPRINTS-----
<14>Mar 30 23:30:20 ec2: #############################################################
-----BEGIN SSH HOST KEY KEYS-----
ecdsa-sha2-nistp256 AAAAE2VjZHNhLXNoYTItbmlzdHAyNTYAAAAIbmlzdHAyNTYAAABBBBcNd3GdOWP719m4TwCackkPBNWqAXXycYYbNbQJ0D6pBwF8foI35mQWM1NqnVdk274vugZs4B13YQCgFnkySc4= root@ubuntu-xenial
ssh-ed25519 AAAAC3NzaC1lZDI1NTE5AAAAIIyAOIySkvWClSLwwI5OK8AIZOySdYLdSQE3a8v76OJY root@ubuntu-xenial
ssh-rsa AAAAB3NzaC1yc2EAAAADAQABAAABAQC5i7z//8WqvMGZudATTXGiFzPquUfDQ//iBxQJnMVFjYA2XpPAQr+gdYorFWjuBBXR+Iy9YRd0i0WwoTwjfuLL4jsmp+faApFw9KItWPZ1ErTOqptutlrUPSCSWH6x/CInmxKhcXFEFjiMgOFrg7neNVLRSilhq6GmxUKYLPN0X5LoLYUaPJkoSw4ihDkX8jVQoM3932pmPNRMinKCWj4Q97FX8PooBcXEPEhv7MANPKRLwykhgs4Wr/f8pKB8WGHYqzrd1dYErHrntAXZX3vAG6L3Aa+z2vOe7/5W+0OIIYK2Uc0K4Ugbh6sGT3kY2YAxHsdwh+LorxnVItO3BusX root@ubuntu-xenial
-----END SSH HOST KEY KEYS-----
[   31.789665] cloud-init[1495]: Cloud-init v. 0.7.9 running 'modules:final' at Thu, 30 Mar 2017 23:30:19 +0000. Up 31.47 seconds.
[   31.796381] cloud-init[1495]: ci-info: no authorized ssh keys fingerprints found for user ubuntu.
[   31.809629] cloud-init[1495]: Cloud-init v. 0.7.9 finished at Thu, 30 Mar 2017 23:30:20 +0000. Datasource DataSourceNoCloud [seed=/dev/sdb][dsmode=net].  Up 31.78 seconds
[[0;32m  OK  [0m] Started Execute cloud user/final scripts.
[[0;32m  OK  [0m] Reached target Cloud-init target.

Ubuntu 16.04.2 LTS ubuntu-xenial ttyS0

ubuntu-xenial login: 